# JRE version: Java(TM) SE Runtime Environment (8.0_20-b26) (build 1.8.0_20-b26)
# Java VM: Java HotSpot(TM) 64-Bit Server VM (25.20-b23 mixed mode windows-amd64 compressed oops)
Heap:
 PSYoungGen      total 43520K, used 10254K [0x00000000e0300000, 0x00000000e3280000, 0x0000000100000000)
  eden space 40448K, 22% used [0x00000000e0300000,0x00000000e0bfafd8,0x00000000e2a80000)
  from space 3072K, 34% used [0x00000000e2f80000,0x00000000e30889a0,0x00000000e3280000)
  to   space 4096K, 0% used [0x00000000e2a80000,0x00000000e2a80000,0x00000000e2e80000)
 ParOldGen       total 65536K, used 22169K [0x00000000a0800000, 0x00000000a4800000, 0x00000000e0300000)
  object space 65536K, 33% used [0x00000000a0800000,0x00000000a1da65f0,0x00000000a4800000)
 Metaspace       used 17743K, capacity 17944K, committed 18304K, reserved 1064960K
  class space    used 2086K, capacity 2131K, committed 2176K, reserved 1048576K
GC Heap History (10 events):
Event: 73.177 GC heap before
{Heap before GC invocations=82 (full 0):
 PSYoungGen      total 48640K, used 48009K [0x00000000e0300000, 0x00000000e3780000, 0x0000000100000000)
  eden space 45568K, 99% used [0x00000000e0300000,0x00000000e2f28720,0x00000000e2f80000)
  from space 3072K, 90% used [0x00000000e3100000,0x00000000e33b9ce0,0x00000000e3400000)
  to   space 3584K, 0% used [0x00000000e3400000,0x00000000e3400000,0x00000000e3780000)
 ParOldGen       total 65536K, used 22057K [0x00000000a0800000, 0x00000000a4800000, 0x00000000e0300000)
  object space 65536K, 33% used [0x00000000a0800000,0x00000000a1d8a5f0,0x00000000a4800000)
 Metaspace       used 17714K, capacity 17944K, committed 18304K, reserved 1064960K
  class space    used 2082K, capacity 2131K, committed 2176K, reserved 1048576K
Event: 73.180 GC heap after
Heap after GC invocations=82 (full 0):
 PSYoungGen      total 47104K, used 2309K [0x00000000e0300000, 0x00000000e3680000, 0x0000000100000000)
  eden space 44544K, 0% used [0x00000000e0300000,0x00000000e0300000,0x00000000e2e80000)
  from space 2560K, 90% used [0x00000000e3400000,0x00000000e36414c0,0x00000000e3680000)
  to   space 4096K, 0% used [0x00000000e2e80000,0x00000000e2e80000,0x00000000e3280000)
 ParOldGen       total 65536K, used 22081K [0x00000000a0800000, 0x00000000a4800000, 0x00000000e0300000)
  object space 65536K, 33% used [0x00000000a0800000,0x00000000a1d905f0,0x00000000a4800000)
 Metaspace       used 17714K, capacity 17944K, committed 18304K, reserved 1064960K
  class space    used 2082K, capacity 2131K, committed 2176K, reserved 1048576K
}
Event: 74.611 GC heap before
{Heap before GC invocations=83 (full 0):
 PSYoungGen      total 47104K, used 46853K [0x00000000e0300000, 0x00000000e3680000, 0x0000000100000000)
  eden space 44544K, 100% used [0x00000000e0300000,0x00000000e2e80000,0x00000000e2e80000)
  from space 2560K, 90% used [0x00000000e3400000,0x00000000e36414c0,0x00000000e3680000)
  to   space 4096K, 0% used [0x00000000e2e80000,0x00000000e2e80000,0x00000000e3280000)
 ParOldGen       total 65536K, used 22081K [0x00000000a0800000, 0x00000000a4800000, 0x00000000e0300000)
  object space 65536K, 33% used [0x00000000a0800000,0x00000000a1d905f0,0x00000000a4800000)
 Metaspace       used 17716K, capacity 17944K, committed 18304K, reserved 1064960K
  class space    used 2082K, capacity 2131K, committed 2176K, reserved 1048576K
Event: 74.613 GC heap after
Heap after GC invocations=83 (full 0):
 PSYoungGen      total 44544K, used 915K [0x00000000e0300000, 0x00000000e3580000, 0x0000000100000000)
  eden space 43520K, 0% used [0x00000000e0300000,0x00000000e0300000,0x00000000e2d80000)
  from space 1024K, 89% used [0x00000000e2e80000,0x00000000e2f64ea0,0x00000000e2f80000)
  to   space 4096K, 0% used [0x00000000e3180000,0x00000000e3180000,0x00000000e3580000)
 ParOldGen       total 65536K, used 22097K [0x00000000a0800000, 0x00000000a4800000, 0x00000000e0300000)
  object space 65536K, 33% used [0x00000000a0800000,0x00000000a1d945f0,0x00000000a4800000)
 Metaspace       used 17716K, capacity 17944K, committed 18304K, reserved 1064960K
  class space    used 2082K, capacity 2131K, committed 2176K, reserved 1048576K
}
Event: 75.976 GC heap before
{Heap before GC invocations=84 (full 0):
 PSYoungGen      total 44544K, used 44435K [0x00000000e0300000, 0x00000000e3580000, 0x0000000100000000)
  eden space 43520K, 100% used [0x00000000e0300000,0x00000000e2d80000,0x00000000e2d80000)
  from space 1024K, 89% used [0x00000000e2e80000,0x00000000e2f64ea0,0x00000000e2f80000)
  to   space 4096K, 0% used [0x00000000e3180000,0x00000000e3180000,0x00000000e3580000)
 ParOldGen       total 65536K, used 22097K [0x00000000a0800000, 0x00000000a4800000, 0x00000000e0300000)
  object space 65536K, 33% used [0x00000000a0800000,0x00000000a1d945f0,0x00000000a4800000)
 Metaspace       used 17716K, capacity 17944K, committed 18304K, reserved 1064960K
  class space    used 2082K, capacity 2131K, committed 2176K, reserved 1048576K
Event: 75.979 GC heap after
Heap after GC invocations=84 (full 0):
 PSYoungGen      total 45568K, used 2020K [0x00000000e0300000, 0x00000000e3480000, 0x0000000100000000)
  eden space 42496K, 0% used [0x00000000e0300000,0x00000000e0300000,0x00000000e2c80000)
  from space 3072K, 65% used [0x00000000e3180000,0x00000000e33790b0,0x00000000e3480000)
  to   space 4096K, 0% used [0x00000000e2c80000,0x00000000e2c80000,0x00000000e3080000)
 ParOldGen       total 65536K, used 22121K [0x00000000a0800000, 0x00000000a4800000, 0x00000000e0300000)
  object space 65536K, 33% used [0x00000000a0800000,0x00000000a1d9a5f0,0x00000000a4800000)
 Metaspace       used 17716K, capacity 17944K, committed 18304K, reserved 1064960K
  class space    used 2082K, capacity 2131K, committed 2176K, reserved 1048576K
}
Event: 77.382 GC heap before
{Heap before GC invocations=85 (full 0):
 PSYoungGen      total 45568K, used 43916K [0x00000000e0300000, 0x00000000e3480000, 0x0000000100000000)
  eden space 42496K, 98% used [0x00000000e0300000,0x00000000e2bea250,0x00000000e2c80000)
  from space 3072K, 65% used [0x00000000e3180000,0x00000000e33790b0,0x00000000e3480000)
  to   space 4096K, 0% used [0x00000000e2c80000,0x00000000e2c80000,0x00000000e3080000)
 ParOldGen       total 65536K, used 22121K [0x00000000a0800000, 0x00000000a4800000, 0x00000000e0300000)
  object space 65536K, 33% used [0x00000000a0800000,0x00000000a1d9a5f0,0x00000000a4800000)
 Metaspace       used 17716K, capacity 17944K, committed 18304K, reserved 1064960K
  class space    used 2082K, capacity 2131K, committed 2176K, reserved 1048576K
Event: 77.384 GC heap after
Heap after GC invocations=85 (full 0):
 PSYoungGen      total 43008K, used 1026K [0x00000000e0300000, 0x00000000e3380000, 0x0000000100000000)
  eden space 41472K, 0% used [0x00000000e0300000,0x00000000e0300000,0x00000000e2b80000)
  from space 1536K, 66% used [0x00000000e2c80000,0x00000000e2d809a0,0x00000000e2e00000)
  to   space 4096K, 0% used [0x00000000e2f80000,0x00000000e2f80000,0x00000000e3380000)
 ParOldGen       total 65536K, used 22145K [0x00000000a0800000, 0x00000000a4800000, 0x00000000e0300000)
  object space 65536K, 33% used [0x00000000a0800000,0x00000000a1da05f0,0x00000000a4800000)
 Metaspace       used 17716K, capacity 17944K, committed 18304K, reserved 1064960K
  class space    used 2082K, capacity 2131K, committed 2176K, reserved 1048576K
}
Event: 79.068 GC heap before
{Heap before GC invocations=86 (full 0):
 PSYoungGen      total 43008K, used 42441K [0x00000000e0300000, 0x00000000e3380000, 0x0000000100000000)
  eden space 41472K, 99% used [0x00000000e0300000,0x00000000e2b71c88,0x00000000e2b80000)
  from space 1536K, 66% used [0x00000000e2c80000,0x00000000e2d809a0,0x00000000e2e00000)
  to   space 4096K, 0% used [0x00000000e2f80000,0x00000000e2f80000,0x00000000e3380000)
 ParOldGen       total 65536K, used 22145K [0x00000000a0800000, 0x00000000a4800000, 0x00000000e0300000)
  object space 65536K, 33% used [0x00000000a0800000,0x00000000a1da05f0,0x00000000a4800000)
 Metaspace       used 17716K, capacity 17944K, committed 18304K, reserved 1064960K
  class space    used 2082K, capacity 2131K, committed 2176K, reserved 1048576K
Event: 79.071 GC heap after
Heap after GC invocations=86 (full 0):
 PSYoungGen      total 43520K, used 1058K [0x00000000e0300000, 0x00000000e3280000, 0x0000000100000000)
  eden space 40448K, 0% used [0x00000000e0300000,0x00000000e0300000,0x00000000e2a80000)
  from space 3072K, 34% used [0x00000000e2f80000,0x00000000e30889a0,0x00000000e3280000)
  to   space 4096K, 0% used [0x00000000e2a80000,0x00000000e2a80000,0x00000000e2e80000)
 ParOldGen       total 65536K, used 22169K [0x00000000a0800000, 0x00000000a4800000, 0x00000000e0300000)
  object space 65536K, 33% used [0x00000000a0800000,0x00000000a1da65f0,0x00000000a4800000)
 Metaspace       used 17716K, capacity 17944K, committed 18304K, reserved 1064960K
  class space    used 2082K, capacity 2131K, committed 2176K, reserved 1048576K
}

